2024-12-13 01:23:40,122 - movie_recommendation_pipeline - INFO - Loaded ratings data: (100836, 4) rows and columns.
2024-12-13 01:23:40,123 - movie_recommendation_pipeline - INFO - Loaded movies data: (9742, 3) rows and columns.
2024-12-13 01:23:40,128 - movie_recommendation_pipeline - INFO - Ratings Data Preview:
   userId  movieId  rating  timestamp
0       1        1     4.0  964982703
1       1        3     4.0  964981247
2       1        6     4.0  964982224
3       1       47     5.0  964983815
4       1       50     5.0  964982931
2024-12-13 01:23:40,131 - movie_recommendation_pipeline - INFO - Movies Data Preview:
   movieId                               title                                       genres
0        1                    Toy Story (1995)  Adventure|Animation|Children|Comedy|Fantasy
1        2                      Jumanji (1995)                   Adventure|Children|Fantasy
2        3             Grumpier Old Men (1995)                               Comedy|Romance
3        4            Waiting to Exhale (1995)                         Comedy|Drama|Romance
4        5  Father of the Bride Part II (1995)                                       Comedy
2024-12-13 01:24:25,798 - movie_recommendation_pipeline - INFO - Missing values in ratings:
userId       0
movieId      0
rating       0
timestamp    0
dtype: int64
2024-12-13 01:24:25,800 - movie_recommendation_pipeline - INFO - Missing values in movies:
movieId    0
title      0
genres     0
dtype: int64
2024-12-13 01:24:25,844 - movie_recommendation_pipeline - INFO - Merged data shape: (100836, 6)
2024-12-13 01:24:25,844 - movie_recommendation_pipeline - INFO - Preprocessed ratings: (100836, 4), movies: (9742, 3)
2024-12-13 01:24:25,844 - movie_recommendation_pipeline - INFO - Merged data shape: (100836, 6)
2024-12-13 01:24:26,420 - movie_recommendation_pipeline - INFO - Saved rating distribution plot to ../outputs/rating_distribution.png
2024-12-13 01:24:26,457 - movie_recommendation_pipeline - INFO - Top 10 movies with most ratings:
title
Forrest Gump (1994)                          329
Shawshank Redemption, The (1994)             317
Pulp Fiction (1994)                          307
Silence of the Lambs, The (1991)             279
Matrix, The (1999)                           278
Star Wars: Episode IV - A New Hope (1977)    251
Jurassic Park (1993)                         238
Braveheart (1995)                            237
Terminator 2: Judgment Day (1991)            224
Schindler's List (1993)                      220
Name: rating, dtype: int64
2024-12-13 01:24:26,460 - movie_recommendation_pipeline - INFO - Top 10 users with most ratings:
userId
414    2698
599    2478
474    2108
448    1864
274    1346
610    1302
68     1260
380    1218
606    1115
288    1055
Name: rating, dtype: int64
