2024-12-13 01:07:39,325 - data_cleaning_pipeline - ERROR - Data file not found at ../data/raw_data.csv
2024-12-13 01:09:22,452 - data_cleaning_pipeline - INFO - Successfully loaded data from ../data/raw_data.csv with shape (891, 12)
2024-12-13 01:09:22,483 - data_cleaning_pipeline - INFO - Data head:
   PassengerId  Survived  Pclass                                               Name     Sex  ...  Parch            Ticket     Fare Cabin  Embarked
0            1         0       3                            Braund, Mr. Owen Harris    male  ...      0         A/5 21171   7.2500   NaN         S
1            2         1       1  Cumings, Mrs. John Bradley (Florence Briggs Th...  female  ...      0          PC 17599  71.2833   C85         C
2            3         1       3                             Heikkinen, Miss. Laina  female  ...      0  STON/O2. 3101282   7.9250   NaN         S
3            4         1       1       Futrelle, Mrs. Jacques Heath (Lily May Peel)  female  ...      0            113803  53.1000  C123         S
4            5         0       3                           Allen, Mr. William Henry    male  ...      0            373450   8.0500   NaN         S

[5 rows x 12 columns]
2024-12-13 01:11:23,755 - data_cleaning_pipeline - INFO - Successfully loaded data from ../data/raw_data.csv with shape (891, 12)
2024-12-13 01:11:23,797 - data_cleaning_pipeline - INFO - Schema validation passed successfully.
2024-12-13 01:11:23,809 - data_cleaning_pipeline - INFO - Data head:
   PassengerId  Survived  Pclass                                               Name     Sex  ...  Parch            Ticket     Fare Cabin  Embarked
0            1         0       3                            Braund, Mr. Owen Harris    male  ...      0         A/5 21171   7.2500   NaN         S
1            2         1       1  Cumings, Mrs. John Bradley (Florence Briggs Th...  female  ...      0          PC 17599  71.2833   C85         C
2            3         1       3                             Heikkinen, Miss. Laina  female  ...      0  STON/O2. 3101282   7.9250   NaN         S
3            4         1       1       Futrelle, Mrs. Jacques Heath (Lily May Peel)  female  ...      0            113803  53.1000  C123         S
4            5         0       3                           Allen, Mr. William Henry    male  ...      0            373450   8.0500   NaN         S

[5 rows x 12 columns]
2024-12-13 01:11:29,824 - data_cleaning_pipeline - INFO - Successfully loaded data from ../data/raw_data.csv with shape (891, 12)
2024-12-13 01:11:29,862 - data_cleaning_pipeline - INFO - Schema validation passed successfully.
2024-12-13 01:11:29,876 - data_cleaning_pipeline - INFO - Data head:
   PassengerId  Survived  Pclass                                               Name     Sex  ...  Parch            Ticket     Fare Cabin  Embarked
0            1         0       3                            Braund, Mr. Owen Harris    male  ...      0         A/5 21171   7.2500   NaN         S
1            2         1       1  Cumings, Mrs. John Bradley (Florence Briggs Th...  female  ...      0          PC 17599  71.2833   C85         C
2            3         1       3                             Heikkinen, Miss. Laina  female  ...      0  STON/O2. 3101282   7.9250   NaN         S
3            4         1       1       Futrelle, Mrs. Jacques Heath (Lily May Peel)  female  ...      0            113803  53.1000  C123         S
4            5         0       3                           Allen, Mr. William Henry    male  ...      0            373450   8.0500   NaN         S

[5 rows x 12 columns]
2024-12-13 01:12:37,599 - data_cleaning_pipeline - INFO - Successfully loaded data from ../data/raw_data.csv with shape (891, 12)
2024-12-13 01:12:37,642 - data_cleaning_pipeline - INFO - Schema validation passed successfully.
2024-12-13 01:12:37,650 - data_cleaning_pipeline - INFO - Dropped rows with missing Name. Rows before: 891, after: 891
2024-12-13 01:12:37,654 - data_cleaning_pipeline - INFO - Imputed missing Age with mean: 29.69911764705882
2024-12-13 01:12:37,655 - data_cleaning_pipeline - INFO - Missing values before: 866, after: 689
2024-12-13 01:12:37,655 - data_cleaning_pipeline - INFO - After missing value handling, data shape: (891, 12)
2024-12-13 01:13:35,471 - data_cleaning_pipeline - INFO - Successfully loaded data from ../data/raw_data.csv with shape (891, 12)
2024-12-13 01:13:35,509 - data_cleaning_pipeline - INFO - Schema validation passed successfully.
2024-12-13 01:13:35,514 - data_cleaning_pipeline - INFO - Dropped rows with missing Name. Rows before: 891, after: 891
2024-12-13 01:13:35,518 - data_cleaning_pipeline - INFO - Imputed missing Age with mean: 29.69911764705882
2024-12-13 01:13:35,520 - data_cleaning_pipeline - INFO - Missing values before: 866, after: 689
2024-12-13 01:13:35,527 - data_cleaning_pipeline - INFO - Detected 116 outliers in Fare using IQR method.
2024-12-13 01:13:35,528 - data_cleaning_pipeline - INFO - Removed 116 outliers from Fare.
2024-12-13 01:13:35,528 - data_cleaning_pipeline - INFO - After outlier handling, data shape: (775, 12)
2024-12-13 01:14:52,183 - data_cleaning_pipeline - INFO - Successfully loaded data from ../data/raw_data.csv with shape (891, 12)
2024-12-13 01:14:52,245 - data_cleaning_pipeline - INFO - Schema validation passed successfully.
2024-12-13 01:14:52,254 - data_cleaning_pipeline - INFO - Dropped rows with missing Name. Rows before: 891, after: 891
2024-12-13 01:14:52,256 - data_cleaning_pipeline - INFO - Imputed missing Age with mean: 29.69911764705882
2024-12-13 01:14:52,258 - data_cleaning_pipeline - INFO - Missing values before: 866, after: 689
2024-12-13 01:14:52,259 - data_cleaning_pipeline - INFO - Detected 116 outliers in Fare using IQR method.
2024-12-13 01:14:52,260 - data_cleaning_pipeline - INFO - Removed 116 outliers from Fare.
2024-12-13 01:14:52,260 - data_cleaning_pipeline - WARNING - DateOfTravel not found for date formatting.
2024-12-13 01:14:52,264 - data_cleaning_pipeline - INFO - Cleaned categorical column Sex. Original unique values: ['male' 'female'], New unique values: ['male' 'female']
2024-12-13 01:14:52,265 - data_cleaning_pipeline - INFO - Rounded numeric column Fare to 2 decimals.
2024-12-13 01:14:52,266 - data_cleaning_pipeline - INFO - Data formatting and normalization completed.
2024-12-13 01:14:52,267 - data_cleaning_pipeline - INFO - Final dataset shape after formatting: (775, 12)
2024-12-13 01:16:17,415 - data_cleaning_pipeline - INFO - Successfully loaded data from ../data/raw_data.csv with shape (891, 12)
2024-12-13 01:16:17,448 - data_cleaning_pipeline - INFO - Schema validation passed successfully.
2024-12-13 01:16:17,452 - data_cleaning_pipeline - INFO - Dropped rows with missing Name. Rows before: 891, after: 891
2024-12-13 01:16:17,455 - data_cleaning_pipeline - INFO - Imputed missing Age with mean: 29.69911764705882
2024-12-13 01:16:17,457 - data_cleaning_pipeline - INFO - Missing values before: 866, after: 689
2024-12-13 01:16:17,459 - data_cleaning_pipeline - INFO - Detected 116 outliers in Fare using IQR method.
2024-12-13 01:16:17,459 - data_cleaning_pipeline - INFO - Removed 116 outliers from Fare.
2024-12-13 01:16:17,460 - data_cleaning_pipeline - WARNING - DateOfTravel not found for date formatting.
2024-12-13 01:16:17,461 - data_cleaning_pipeline - INFO - Cleaned categorical column Sex. Original unique values: ['male' 'female'], New unique values: ['male' 'female']
2024-12-13 01:16:17,462 - data_cleaning_pipeline - INFO - Rounded numeric column Fare to 2 decimals.
2024-12-13 01:16:17,462 - data_cleaning_pipeline - INFO - Data formatting and normalization completed.
2024-12-13 01:16:17,477 - data_cleaning_pipeline - INFO - Cleaned data saved to ../outputs/cleaned_data.csv
2024-12-13 01:16:17,482 - data_cleaning_pipeline - INFO - Split data into train/test. Train shape: (620, 11), Test shape: (155, 11)
2024-12-13 01:17:54,501 - data_cleaning_pipeline - INFO - Successfully loaded data from ../data/raw_data.csv with shape (891, 12)
2024-12-13 01:17:54,537 - data_cleaning_pipeline - INFO - Schema validation passed successfully.
2024-12-13 01:17:54,546 - data_cleaning_pipeline - INFO - Dropped rows with missing Name. Rows before: 891, after: 891
2024-12-13 01:17:54,548 - data_cleaning_pipeline - INFO - Imputed missing Age with mean: 29.69911764705882
2024-12-13 01:17:54,549 - data_cleaning_pipeline - INFO - Missing values before: 866, after: 689
2024-12-13 01:17:54,550 - data_cleaning_pipeline - INFO - Detected 116 outliers in Fare using IQR method.
2024-12-13 01:17:54,551 - data_cleaning_pipeline - INFO - Removed 116 outliers from Fare.
2024-12-13 01:17:54,551 - data_cleaning_pipeline - WARNING - DateOfTravel not found for date formatting.
2024-12-13 01:17:54,552 - data_cleaning_pipeline - INFO - Cleaned categorical column Sex. Original unique values: ['male' 'female'], New unique values: ['male' 'female']
2024-12-13 01:17:54,552 - data_cleaning_pipeline - INFO - Rounded numeric column Fare to 2 decimals.
2024-12-13 01:17:54,553 - data_cleaning_pipeline - INFO - Data formatting and normalization completed.
2024-12-13 01:17:54,558 - data_cleaning_pipeline - INFO - Cleaned data saved to ../outputs/cleaned_data.csv
2024-12-13 01:17:54,559 - data_cleaning_pipeline - INFO - Report generated at ../outputs/report.txt
